# JRE version: OpenJDK Runtime Environment Temurin-21.0.8+9 (21.0.8+9) (build 21.0.8+9-LTS)
# Java VM: OpenJDK 64-Bit Server VM Temurin-21.0.8+9 (21.0.8+9-LTS, mixed mode, emulated-client, sharing, tiered, compressed oops, compressed class ptrs, g1 gc, windows-amd64)
GC Precious Log:
 CardTable entry size: 512
 Card Set container configuration: InlinePtr #cards 4 size 8 Array Of Cards #cards 16 size 48 Howl #buckets 8 coarsen threshold 3686 Howl Bitmap #cards 512 size 80 coarsen threshold 460 Card regions per heap region 1 cards per card region 4096
 CPUs: 12 total, 12 available
 Memory: 15690M
 Large Page Support: Disabled
 NUMA Support: Disabled
 Compressed Oops: Enabled (Zero based)
 Heap Region Size: 2M
 Heap Min Capacity: 8M
 Heap Initial Capacity: 246M
 Heap Max Capacity: 3924M
 Pre-touch: Disabled
 Parallel Workers: 10
 Concurrent Workers: 3
 Concurrent Refinement Workers: 10
 Periodic GC: Disabled
Heap:
 garbage-first heap   total 108544K, used 79319K [0x000000070ac00000, 0x0000000800000000)
  region size 2048K, 26 young (53248K), 0 survivors (0K)
 Metaspace       used 80532K, committed 81408K, reserved 1179648K
  class space    used 11845K, committed 12224K, reserved 1048576K
GC Heap History (20 events):
Event: 3.220 GC heap before
{Heap before GC invocations=12 (full 0):
 garbage-first heap   total 61440K, used 50756K [0x000000070ac00000, 0x0000000800000000)
  region size 2048K, 16 young (32768K), 2 survivors (4096K)
 Metaspace       used 40969K, committed 41600K, reserved 1114112K
  class space    used 5889K, committed 6144K, reserved 1048576K
}
Event: 3.222 GC heap after
{Heap after GC invocations=13 (full 0):
 garbage-first heap   total 61440K, used 23158K [0x000000070ac00000, 0x0000000800000000)
  region size 2048K, 2 young (4096K), 2 survivors (4096K)
 Metaspace       used 40969K, committed 41600K, reserved 1114112K
  class space    used 5889K, committed 6144K, reserved 1048576K
}
Event: 3.366 GC heap before
{Heap before GC invocations=13 (full 0):
 garbage-first heap   total 61440K, used 51830K [0x000000070ac00000, 0x0000000800000000)
  region size 2048K, 16 young (32768K), 2 survivors (4096K)
 Metaspace       used 43510K, committed 44160K, reserved 1114112K
  class space    used 6324K, committed 6592K, reserved 1048576K
}
Event: 3.368 GC heap after
{Heap after GC invocations=14 (full 0):
 garbage-first heap   total 157696K, used 23872K [0x000000070ac00000, 0x0000000800000000)
  region size 2048K, 2 young (4096K), 2 survivors (4096K)
 Metaspace       used 43510K, committed 44160K, reserved 1114112K
  class space    used 6324K, committed 6592K, reserved 1048576K
}
Event: 3.824 GC heap before
{Heap before GC invocations=14 (full 0):
 garbage-first heap   total 157696K, used 91456K [0x000000070ac00000, 0x0000000800000000)
  region size 2048K, 36 young (73728K), 2 survivors (4096K)
 Metaspace       used 50965K, committed 51520K, reserved 1114112K
  class space    used 7235K, committed 7488K, reserved 1048576K
}
Event: 3.826 GC heap after
{Heap after GC invocations=15 (full 0):
 garbage-first heap   total 157696K, used 25407K [0x000000070ac00000, 0x0000000800000000)
  region size 2048K, 2 young (4096K), 2 survivors (4096K)
 Metaspace       used 50965K, committed 51520K, reserved 1114112K
  class space    used 7235K, committed 7488K, reserved 1048576K
}
Event: 4.078 GC heap before
{Heap before GC invocations=16 (full 0):
 garbage-first heap   total 90112K, used 72511K [0x000000070ac00000, 0x0000000800000000)
  region size 2048K, 26 young (53248K), 2 survivors (4096K)
 Metaspace       used 55220K, committed 55872K, reserved 1114112K
  class space    used 7813K, committed 8064K, reserved 1048576K
}
Event: 4.081 GC heap after
{Heap after GC invocations=17 (full 0):
 garbage-first heap   total 90112K, used 26182K [0x000000070ac00000, 0x0000000800000000)
  region size 2048K, 3 young (6144K), 3 survivors (6144K)
 Metaspace       used 55220K, committed 55872K, reserved 1114112K
  class space    used 7813K, committed 8064K, reserved 1048576K
}
Event: 4.370 GC heap before
{Heap before GC invocations=17 (full 0):
 garbage-first heap   total 90112K, used 71238K [0x000000070ac00000, 0x0000000800000000)
  region size 2048K, 26 young (53248K), 3 survivors (6144K)
 Metaspace       used 60154K, committed 60800K, reserved 1114112K
  class space    used 8671K, committed 8960K, reserved 1048576K
}
Event: 4.373 GC heap after
{Heap after GC invocations=18 (full 0):
 garbage-first heap   total 90112K, used 27626K [0x000000070ac00000, 0x0000000800000000)
  region size 2048K, 3 young (6144K), 3 survivors (6144K)
 Metaspace       used 60154K, committed 60800K, reserved 1114112K
  class space    used 8671K, committed 8960K, reserved 1048576K
}
Event: 4.680 GC heap before
{Heap before GC invocations=18 (full 0):
 garbage-first heap   total 90112K, used 74730K [0x000000070ac00000, 0x0000000800000000)
  region size 2048K, 26 young (53248K), 3 survivors (6144K)
 Metaspace       used 65233K, committed 65856K, reserved 1114112K
  class space    used 9355K, committed 9600K, reserved 1048576K
}
Event: 4.682 GC heap after
{Heap after GC invocations=19 (full 0):
 garbage-first heap   total 108544K, used 28124K [0x000000070ac00000, 0x0000000800000000)
  region size 2048K, 3 young (6144K), 3 survivors (6144K)
 Metaspace       used 65233K, committed 65856K, reserved 1114112K
  class space    used 9355K, committed 9600K, reserved 1048576K
}
Event: 5.004 GC heap before
{Heap before GC invocations=19 (full 0):
 garbage-first heap   total 108544K, used 83420K [0x000000070ac00000, 0x0000000800000000)
  region size 2048K, 31 young (63488K), 3 survivors (6144K)
 Metaspace       used 70399K, committed 71104K, reserved 1114112K
  class space    used 10220K, committed 10560K, reserved 1048576K
}
Event: 5.007 GC heap after
{Heap after GC invocations=20 (full 0):
 garbage-first heap   total 108544K, used 30374K [0x000000070ac00000, 0x0000000800000000)
  region size 2048K, 4 young (8192K), 4 survivors (8192K)
 Metaspace       used 70399K, committed 71104K, reserved 1114112K
  class space    used 10220K, committed 10560K, reserved 1048576K
}
Event: 5.334 GC heap before
{Heap before GC invocations=20 (full 0):
 garbage-first heap   total 108544K, used 83622K [0x000000070ac00000, 0x0000000800000000)
  region size 2048K, 31 young (63488K), 4 survivors (8192K)
 Metaspace       used 75034K, committed 75712K, reserved 1114112K
  class space    used 11049K, committed 11392K, reserved 1048576K
}
Event: 5.337 GC heap after
{Heap after GC invocations=21 (full 0):
 garbage-first heap   total 108544K, used 32567K [0x000000070ac00000, 0x0000000800000000)
  region size 2048K, 4 young (8192K), 4 survivors (8192K)
 Metaspace       used 75034K, committed 75712K, reserved 1114112K
  class space    used 11049K, committed 11392K, reserved 1048576K
}
Event: 22.584 GC heap before
{Heap before GC invocations=21 (full 0):
 garbage-first heap   total 108544K, used 87863K [0x000000070ac00000, 0x0000000800000000)
  region size 2048K, 31 young (63488K), 4 survivors (8192K)
 Metaspace       used 79274K, committed 80064K, reserved 1179648K
  class space    used 11681K, committed 12032K, reserved 1048576K
}
Event: 22.591 GC heap after
{Heap after GC invocations=22 (full 0):
 garbage-first heap   total 108544K, used 35717K [0x000000070ac00000, 0x0000000800000000)
  region size 2048K, 3 young (6144K), 3 survivors (6144K)
 Metaspace       used 79274K, committed 80064K, reserved 1179648K
  class space    used 11681K, committed 12032K, reserved 1048576K
}
Event: 35.576 GC heap before
{Heap before GC invocations=22 (full 0):
 garbage-first heap   total 108544K, used 48005K [0x000000070ac00000, 0x0000000800000000)
  region size 2048K, 10 young (20480K), 3 survivors (6144K)
 Metaspace       used 80307K, committed 81152K, reserved 1179648K
  class space    used 11831K, committed 12224K, reserved 1048576K
}
Event: 35.615 GC heap after
{Heap after GC invocations=23 (full 1):
 garbage-first heap   total 108544K, used 30167K [0x000000070ac00000, 0x0000000800000000)
  region size 2048K, 0 young (0K), 0 survivors (0K)
 Metaspace       used 80260K, committed 81152K, reserved 1179648K
  class space    used 11819K, committed 12224K, reserved 1048576K
}

